C51 COMPILER V9.60.0.0   REG_RW                                                            07/21/2022 22:29:53 PAGE 1   


C51 COMPILER V9.60.0.0, COMPILATION OF MODULE REG_RW
OBJECT MODULE PLACED IN ..\obj\Reg_RW.obj
COMPILER INVOKED BY: C:\Keil_v5\C51\BIN\C51.EXE ..\code\Reg_RW.c OPTIMIZE(8,SPEED) BROWSE INCDIR(..\code;..\user) DEBUG 
                    -OBJECTEXTEND PRINT(.\Reg_RW.lst) OBJECT(..\obj\Reg_RW.obj)

line level    source

   1          /*******************************************************
   2          **      CPU: STC11L08XE
   3          **      ¾§Õñ£º22.1184MHZ
   4          **      ²¨ÌØÂÊ£º9600 bit/S
   5          /*********************************************************/
   6          #include "config.h"
   7          
   8          #define LD_INDEX_PORT           (*((volatile unsigned char xdata*)(0x8100)))
   9          #define LD_DATA_PORT            (*((volatile unsigned char xdata*)(0x8000)))
  10          
  11          void LD_WriteReg( unsigned char address, unsigned char dataout )
  12          {
  13   1        LD_INDEX_PORT  = address;
  14   1        LD_DATA_PORT = dataout;
  15   1      }
  16          
  17          unsigned char LD_ReadReg( unsigned char address )
  18          {
  19   1        LD_INDEX_PORT = address;
  20   1        return (unsigned char)LD_DATA_PORT;
  21   1      }
  22          


MODULE INFORMATION:   STATIC OVERLAYABLE
   CODE SIZE        =     22    ----
   CONSTANT SIZE    =   ----    ----
   XDATA SIZE       =   ----    ----
   PDATA SIZE       =   ----    ----
   DATA SIZE        =   ----    ----
   IDATA SIZE       =   ----    ----
   BIT SIZE         =   ----    ----
END OF MODULE INFORMATION.


C51 COMPILATION COMPLETE.  0 WARNING(S),  0 ERROR(S)
