C51 COMPILER V9.60.0.0   USART                                                             07/18/2022 22:23:43 PAGE 1   


C51 COMPILER V9.60.0.0, COMPILATION OF MODULE USART
OBJECT MODULE PLACED IN ..\obj\usart.obj
COMPILER INVOKED BY: C:\Keil_v5\C51\BIN\C51.EXE ..\user\usart.c OPTIMIZE(8,SPEED) BROWSE INCDIR(..\code;..\user) DEBUG O
                    -BJECTEXTEND PRINT(.\usart.lst) OBJECT(..\obj\usart.obj)

line level    source

   1          #include "config.h"
   2          #define FOSC 22118400L      //System frequency
   3          uint32_t baud=9600;           //UART baudrate
   4          
   5          uint8_t RX_BUF[50];
   6          uint8_t NUM_1=0;
   7          
   8           /**
   9            * @brief  串口初始化,STC10L08XE 单片机串口初始化函数
  10            * @param  无
  11            * @retval 无
  12            */
  13          void UartIni(void)
  14          {
  15   1          SCON = 0x50;            //8-bit variable UART
  16   1          TMOD = 0x20;            //Set Timer1 as 8-bit auto reload mode
  17   1          TH1 = TL1 = -(FOSC/12/32/baud); //Set auto-reload vaule
  18   1          TR1 = 1;                //Timer1 start run
  19   1          ES = 1;                 //Enable UART interrupt
  20   1          EA = 1;                 //Open master interrupt switch
  21   1      }
  22          
  23           /**
  24            * @brief  串口发送一字节数据
  25            * @param  DAT:带发送的数据
  26            * @retval 无
  27            */
  28          void UARTSendByte(uint8_t DAT)
  29          {
  30   1              ES  =  0;
  31   1              TI=0;
  32   1              SBUF = DAT;
  33   1              while(TI==0);
  34   1              TI=0;
  35   1              ES = 1;
  36   1      }
  37          
  38           /**
  39            * @brief  串口发送字符串数据
  40            * @param  *DAT：字符串指针
  41            * @retval 无
  42            */
  43          void PrintCom(uint8_t *DAT)
  44          {
  45   1              while(*DAT)
  46   1              {
  47   2                      UARTSendByte(*DAT++);
  48   2              }       
  49   1      }
  50          
  51           /**
  52            * @brief  串口中断函数
  53            * @param  无
  54            * @retval 无
C51 COMPILER V9.60.0.0   USART                                                             07/18/2022 22:23:43 PAGE 2   

  55            */
  56          void Uart_Isr(void) interrupt 4 using 1
  57          {
  58   1          if (RI)
  59   1          {
  60   2                              RI=0;
  61   2                              RX_BUF[NUM_1]=SBUF;
  62   2                              NUM_1++;
  63   2                              if(NUM_1>=49)
  64   2                                      NUM_1=0;
  65   2                              if(NUM_1>=3)
  66   2                              {
  67   3                                      if(RX_BUF[NUM_1]==0xF8&&RX_BUF[NUM_1-1]==0xF8&&RX_BUF[NUM_1-2]==0xF8)
  68   3                                              IAP_CONTR=0x60;         
  69   3                              }               
  70   2                      }
  71   1      }


MODULE INFORMATION:   STATIC OVERLAYABLE
   CODE SIZE        =    174    ----
   CONSTANT SIZE    =   ----    ----
   XDATA SIZE       =   ----    ----
   PDATA SIZE       =   ----    ----
   DATA SIZE        =     53       3
   IDATA SIZE       =   ----    ----
   BIT SIZE         =   ----    ----
END OF MODULE INFORMATION.


C51 COMPILATION COMPLETE.  0 WARNING(S),  0 ERROR(S)
